<?xml version="1.0" encoding="UTF-8"?>
<!-- Generated by org.testng.reporters.JUnitReportReporter -->
<testsuite hostname="LAPTOP-B9O4D0G7" failures="0" tests="1" name="GitScript.Demo01" time="0.009" errors="0" timestamp="2024-08-14T14:29:12 IST" skipped="0">
  <testcase classname="GitScript.Demo01" name="reverse" time="0.009"/>
  <system-out/>
</testsuite> <!-- GitScript.Demo01 -->
